# JRE version: OpenJDK Runtime Environment (22.0.1+8) (build 22.0.1+8-16)
# Java VM: OpenJDK 64-Bit Server VM (22.0.1+8-16, mixed mode, sharing, tiered, compressed oops, compressed class ptrs, g1 gc, windows-amd64)
GC Precious Log:
 CardTable entry size: 512
 Card Set container configuration: InlinePtr #cards 4 size 8 Array Of Cards #cards 16 size 48 Howl #buckets 8 coarsen threshold 3686 Howl Bitmap #cards 512 size 80 coarsen threshold 460 Card regions per heap region 1 cards per card region 4096
 CPUs: 8 total, 8 available
 Memory: 16167M
 Large Page Support: Disabled
 NUMA Support: Disabled
 Compressed Oops: Enabled (Zero based)
 Heap Region Size: 2M
 Heap Min Capacity: 8M
 Heap Initial Capacity: 254M
 Heap Max Capacity: 4042M
 Pre-touch: Disabled
 Parallel Workers: 8
 Concurrent Workers: 2
 Concurrent Refinement Workers: 8
 Periodic GC: Disabled
Heap:
 garbage-first heap   total reserved 4139008K, committed 260096K, used 132172K [0x0000000703600000, 0x0000000800000000)
  region size 2048K, 26 young (53248K), 4 survivors (8192K)
 Metaspace       used 3565K, committed 3840K, reserved 1114112K
  class space    used 252K, committed 384K, reserved 1048576K
GC Heap History (12 events):
Event: 27.352 GC heap before
{Heap before GC invocations=0 (full 0):
 garbage-first heap   total reserved 4139008K, committed 260096K, used 22528K [0x0000000703600000, 0x0000000800000000)
  region size 2048K, 12 young (24576K), 0 survivors (0K)
 Metaspace       used 3441K, committed 3712K, reserved 1114112K
  class space    used 240K, committed 384K, reserved 1048576K
}
Event: 27.376 GC heap after
{Heap after GC invocations=1 (full 0):
 garbage-first heap   total reserved 4139008K, committed 260096K, used 10666K [0x0000000703600000, 0x0000000800000000)
  region size 2048K, 2 young (4096K), 2 survivors (4096K)
 Metaspace       used 3441K, committed 3712K, reserved 1114112K
  class space    used 240K, committed 384K, reserved 1048576K
}
Event: 57.394 GC heap before
{Heap before GC invocations=1 (full 0):
 garbage-first heap   total reserved 4139008K, committed 260096K, used 27050K [0x0000000703600000, 0x0000000800000000)
  region size 2048K, 10 young (20480K), 2 survivors (4096K)
 Metaspace       used 3445K, committed 3712K, reserved 1114112K
  class space    used 240K, committed 384K, reserved 1048576K
}
Event: 57.423 GC heap after
{Heap after GC invocations=2 (full 0):
 garbage-first heap   total reserved 4139008K, committed 260096K, used 16807K [0x0000000703600000, 0x0000000800000000)
  region size 2048K, 2 young (4096K), 2 survivors (4096K)
 Metaspace       used 3445K, committed 3712K, reserved 1114112K
  class space    used 240K, committed 384K, reserved 1048576K
}
Event: 110.529 GC heap before
{Heap before GC invocations=2 (full 0):
 garbage-first heap   total reserved 4139008K, committed 260096K, used 43431K [0x0000000703600000, 0x0000000800000000)
  region size 2048K, 15 young (30720K), 2 survivors (4096K)
 Metaspace       used 3447K, committed 3712K, reserved 1114112K
  class space    used 240K, committed 384K, reserved 1048576K
}
Event: 110.563 GC heap after
{Heap after GC invocations=3 (full 0):
 garbage-first heap   total reserved 4139008K, committed 260096K, used 28672K [0x0000000703600000, 0x0000000800000000)
  region size 2048K, 2 young (4096K), 2 survivors (4096K)
 Metaspace       used 3447K, committed 3712K, reserved 1114112K
  class space    used 240K, committed 384K, reserved 1048576K
}
Event: 201.852 GC heap before
{Heap before GC invocations=3 (full 0):
 garbage-first heap   total reserved 4139008K, committed 260096K, used 67584K [0x0000000703600000, 0x0000000800000000)
  region size 2048K, 21 young (43008K), 2 survivors (4096K)
 Metaspace       used 3467K, committed 3712K, reserved 1114112K
  class space    used 240K, committed 384K, reserved 1048576K
}
Event: 201.903 GC heap after
{Heap after GC invocations=4 (full 0):
 garbage-first heap   total reserved 4139008K, committed 260096K, used 47104K [0x0000000703600000, 0x0000000800000000)
  region size 2048K, 3 young (6144K), 3 survivors (6144K)
 Metaspace       used 3467K, committed 3712K, reserved 1114112K
  class space    used 240K, committed 384K, reserved 1048576K
}
Event: 303.196 GC heap before
{Heap before GC invocations=4 (full 0):
 garbage-first heap   total reserved 4139008K, committed 260096K, used 94208K [0x0000000703600000, 0x0000000800000000)
  region size 2048K, 26 young (53248K), 3 survivors (6144K)
 Metaspace       used 3472K, committed 3776K, reserved 1114112K
  class space    used 240K, committed 384K, reserved 1048576K
}
Event: 303.266 GC heap after
{Heap after GC invocations=5 (full 0):
 garbage-first heap   total reserved 4139008K, committed 260096K, used 68502K [0x0000000703600000, 0x0000000800000000)
  region size 2048K, 4 young (8192K), 4 survivors (8192K)
 Metaspace       used 3472K, committed 3776K, reserved 1114112K
  class space    used 240K, committed 384K, reserved 1048576K
}
Event: 408.802 GC heap before
{Heap before GC invocations=5 (full 0):
 garbage-first heap   total reserved 4139008K, committed 260096K, used 117654K [0x0000000703600000, 0x0000000800000000)
  region size 2048K, 28 young (57344K), 4 survivors (8192K)
 Metaspace       used 3474K, committed 3776K, reserved 1114112K
  class space    used 240K, committed 384K, reserved 1048576K
}
Event: 408.861 GC heap after
{Heap after GC invocations=6 (full 0):
 garbage-first heap   total reserved 4139008K, committed 260096K, used 89164K [0x0000000703600000, 0x0000000800000000)
  region size 2048K, 4 young (8192K), 4 survivors (8192K)
 Metaspace       used 3474K, committed 3776K, reserved 1114112K
  class space    used 240K, committed 384K, reserved 1048576K
}

